identifier a 1
operator = -1
reserved-word input -1
separator ( -1
separator ) -1
identifier b 2
operator = -1
reserved-word input -1
separator ( -1
separator ) -1
identifier c 3
operator = -1
reserved-word input -1
separator ( -1
separator ) -1
identifier a1b2 4
reserved-word if -1
identifier a 1
operator < -1
identifier b 2
identifier a 1
operator < -1
identifier c 3
separator : -1
separator { -1
identifier smallest 5
operator = -1
identifier a 1
separator } -1
reserved-word elif -1
identifier b 2
operator < -1
identifier a 1
identifier b 2
operator < -1
identifier c 3
separator : -1
separator { -1
identifier smallest 5
operator = -1
identifier b 2
separator } -1
reserved-word else -1
separator : -1
separator { -1
identifier smallest 5
operator = -1
identifier c 3
separator } -1
reserved-word print -1
separator ( -1
identifier smallest 5
separator ) -1
